22:27:52.149 [JavaFX Application Thread] DEBUG GameApplication      - Logger initialized
22:27:52.156 [JavaFX Application Thread] DEBUG MainWindow           - Creating a JavaFX scene
22:27:52.294 [JavaFX Application Thread] DEBUG MainWindow           - Target settings size: 600.0 x 600.0
22:27:52.294 [JavaFX Application Thread] DEBUG MainWindow           - Scaled scene size:    600.0 x 600.0
22:27:52.294 [JavaFX Application Thread] DEBUG MainWindow           - Scaled ratio: (1.0, 1.0)
22:27:52.302 [JavaFX Application Thread] DEBUG GameApplication      - Starting FXGL
22:27:52.324 [FXGL Launcher Thread     ] INFO  FXGL                 - FXGL-0.5.0 on DESKTOP
22:27:52.325 [FXGL Launcher Thread     ] INFO  FXGL                 - Source code and latest versions at: https://github.com/AlmasB/FXGL
22:27:52.325 [FXGL Launcher Thread     ] INFO  FXGL                 -              Join the FXGL chat at: https://gitter.im/AlmasB/FXGL
22:27:52.331 [FXGL Launcher Thread     ] DEBUG FXGL                 - Loading FXGL system data
22:27:52.345 [FXGL Launcher Thread     ] DEBUG FS                   - Reading from: system\fxgl.bundle
22:27:52.357 [FXGL Launcher Thread     ] DEBUG Bundle               - Logging bundle: FXGL
22:27:52.358 [FXGL Launcher Thread     ] DEBUG Bundle               - FXGL.offline.timer.version.check=2018-04-26T20:24:07.066
22:27:52.391 [FXGL Launcher Thread     ] DEBUG GameApplication      - FXGL started
22:27:52.392 [FXGL Launcher Thread     ] DEBUG GameApplication      - Logging game settings
Title: Battle!!!
Version: 0.0
Width: 600
Height: 600
Fullscreen: false
Intro: false
Menus: false
Profiling: false
Single step:false
App Mode: DEVELOPER
Menu Key: ESCAPE
Stage Style: DECORATED
Scene Factory: class com.almasb.fxgl.scene.SceneFactory
Dialog Factory: class com.almasb.fxgl.ui.FXGLDialogFactory
UI Factory: class com.almasb.fxgl.ui.FXGLUIFactory
Notification Service: class com.almasb.fxgl.gameplay.notification.XboxNotificationView
Exception Handler: class com.almasb.fxgl.app.FXGLExceptionHandler
22:27:52.393 [FXGL Launcher Thread     ] DEBUG GameApplication      - Configuring GameApplication
22:27:52.393 [FXGL Launcher Thread     ] DEBUG GameApplication      - Initializing state machine and application states
22:27:52.411 [FXGL Launcher Thread     ] DEBUG AssetLoader          - Loading from disk: /assets/ui/cursors/fxgl_default.png
22:27:52.446 [FXGL Launcher Thread     ] DEBUG AssetLoader          - Loading from disk: /assets/ui/cursors/fxgl_default.png
22:27:52.478 [FXGL Launcher Thread     ] DEBUG FXGLAssets           - Loading FXGLAssets
22:27:52.516 [FXGL Launcher Thread     ] DEBUG AssetLoader          - Loading from disk: /assets/ui/fonts/VarelaRound-Regular.ttf
22:27:52.579 [FXGL Launcher Thread     ] DEBUG AssetLoader          - Loading from disk: /assets/ui/fonts/lucida_console.ttf
22:27:52.584 [FXGL Launcher Thread     ] DEBUG AssetLoader          - Loading from disk: /assets/ui/css/fxgl_dark.css
22:27:52.586 [FXGL Launcher Thread     ] DEBUG AssetLoader          - Loading from disk: /assets/ui/icons/fxgl_icon.png
22:27:52.654 [FXGL Launcher Thread     ] DEBUG AssetLoader          - Loading from disk: /assets/ui/cursors/fxgl_default.png
22:27:52.666 [FXGL Launcher Thread     ] DEBUG AssetLoader          - Loading from disk: /assets/ui/cursors/fxgl_default.png
22:27:52.707 [FXGL Launcher Thread     ] DEBUG GameScene            - Game scene initialized: 600x600
22:27:52.714 [FXGL Launcher Thread     ] DEBUG GameWorld            - Game world initialized
22:27:52.787 [FXGL Launcher Thread     ] DEBUG PhysicsWorld         - Physics world initialized: appHeight=600, physics.ppm=50.0
22:27:52.814 [FXGL Launcher Thread     ] DEBUG Input                - Registered new binding: Pause - Esc
22:27:52.843 [FXGL Launcher Thread     ] DEBUG Input                - Clearing active input actions
22:27:52.899 [FXGL Launcher Thread     ] DEBUG AppStateMachine      - StartupState -> StartupState
22:27:52.908 [FXGL Launcher Thread     ] INFO  GameApplication      - Game configuration took:  0.515 sec
22:27:52.912 [JavaFX Application Thread] DEBUG MainWindow           - Opening main window
22:27:53.098 [JavaFX Application Thread] DEBUG MainWindow           - Window border size: (6.0, 29.0)
22:27:53.099 [JavaFX Application Thread] DEBUG MainWindow           - Scaled size: 600.0 x 600.0
22:27:53.100 [JavaFX Application Thread] DEBUG MainWindow           - Scaled ratio: (1.0, 1.0)
22:27:53.100 [JavaFX Application Thread] DEBUG MainWindow           - Scene size: 600.0 x 600.0
22:27:53.100 [JavaFX Application Thread] DEBUG MainWindow           - Stage size: 606.0 x 629.0
22:27:53.100 [JavaFX Application Thread] DEBUG GameApplication      - Running preInit()
22:27:53.103 [JavaFX Application Thread] DEBUG Input                - Registered new binding: Screenshot - P
22:27:53.103 [JavaFX Application Thread] DEBUG Input                - Registered new binding: Dev Options - CTRL+0
22:27:53.104 [JavaFX Application Thread] DEBUG Input                - Registered new binding: System info dump - CTRL+9
22:27:53.105 [JavaFX Application Thread] DEBUG Input                - Registered new binding: Restart - CTRL+R
22:27:53.105 [JavaFX Application Thread] DEBUG Input                - Registered new binding: Move Right - D
22:27:53.145 [JavaFX Application Thread] DEBUG GameApplication      - Starting main loop
22:27:53.147 [JavaFX Application Thread] DEBUG StartupState         - STARTUP
22:27:53.147 [JavaFX Application Thread] DEBUG GameApplication      - Starting new game
22:27:53.147 [JavaFX Application Thread] DEBUG Input                - Clearing active input actions
22:27:53.156 [JavaFX Application Thread] DEBUG AppStateMachine      - StartupState -> LoadingState
22:27:53.159 [FXGL Background Thread 1 ] DEBUG InitAppTask          - Clearing previous game
22:27:53.159 [FXGL Background Thread 1 ] DEBUG GameWorld            - Clearing game world
22:27:53.160 [FXGL Background Thread 1 ] DEBUG PhysicsWorld         - Clearing physics world
22:27:53.160 [FXGL Background Thread 1 ] DEBUG GameScene            - Clearing game scene
22:27:53.161 [FXGL Background Thread 1 ] DEBUG InitAppTask          - Initializing Game
22:27:53.323 [FXGL Background Thread 1 ] DEBUG GameScene            - Creating render group for layer: DEFAULT(100000)
22:27:53.327 [FXGL Background Thread 1 ] DEBUG InitAppTask          - Initializing Physics
22:27:53.327 [FXGL Background Thread 1 ] DEBUG InitAppTask          - Initializing UI
22:27:53.330 [FXGL Background Thread 1 ] DEBUG InitAppTask          - Initialization Complete
22:27:53.330 [FXGL Background Thread 1 ] INFO  InitAppTask          - Game initialization took: 0.171 sec
22:27:53.335 [JavaFX Application Thread] DEBUG Input                - Clearing active input actions
22:27:53.343 [JavaFX Application Thread] DEBUG AppStateMachine      - LoadingState -> PlayState
22:27:54.932 [JavaFX Application Thread] DEBUG GameApplication      - Exiting game application
22:27:54.933 [JavaFX Application Thread] DEBUG GameApplication      - Shutting down background threads
22:27:54.934 [JavaFX Application Thread] DEBUG GameApplication      - Exiting FXGL
22:27:54.934 [JavaFX Application Thread] DEBUG FXGL                 - Saving FXGL system data
22:27:54.937 [JavaFX Application Thread] DEBUG FS                   - Writing to: system\fxgl.bundle
22:27:54.942 [JavaFX Application Thread] DEBUG GameApplication      - Closing logger and exiting JavaFX
