21:35:56.321 [JavaFX Application Thread] DEBUG GameApplication      - Logger initialized
21:35:56.329 [JavaFX Application Thread] DEBUG MainWindow           - Creating a JavaFX scene
21:35:56.464 [JavaFX Application Thread] DEBUG MainWindow           - Target settings size: 600.0 x 600.0
21:35:56.464 [JavaFX Application Thread] DEBUG MainWindow           - Scaled scene size:    600.0 x 600.0
21:35:56.464 [JavaFX Application Thread] DEBUG MainWindow           - Scaled ratio: (1.0, 1.0)
21:35:56.472 [JavaFX Application Thread] DEBUG GameApplication      - Starting FXGL
21:35:56.495 [FXGL Launcher Thread     ] INFO  FXGL                 - FXGL-0.5.0 on DESKTOP
21:35:56.495 [FXGL Launcher Thread     ] INFO  FXGL                 - Source code and latest versions at: https://github.com/AlmasB/FXGL
21:35:56.496 [FXGL Launcher Thread     ] INFO  FXGL                 -              Join the FXGL chat at: https://gitter.im/AlmasB/FXGL
21:35:56.502 [FXGL Launcher Thread     ] DEBUG FXGL                 - Loading FXGL system data
21:35:56.515 [FXGL Launcher Thread     ] DEBUG FS                   - Reading from: system\fxgl.bundle
21:35:56.527 [FXGL Launcher Thread     ] DEBUG Bundle               - Logging bundle: FXGL
21:35:56.527 [FXGL Launcher Thread     ] DEBUG Bundle               - FXGL.offline.timer.version.check=2018-04-26T20:24:07.066
21:35:56.560 [FXGL Launcher Thread     ] DEBUG GameApplication      - FXGL started
21:35:56.560 [FXGL Launcher Thread     ] DEBUG GameApplication      - Logging game settings
Title: Battle!!!
Version: 0.0
Width: 600
Height: 600
Fullscreen: false
Intro: false
Menus: false
Profiling: false
Single step:false
App Mode: DEVELOPER
Menu Key: ESCAPE
Stage Style: DECORATED
Scene Factory: class com.almasb.fxgl.scene.SceneFactory
Dialog Factory: class com.almasb.fxgl.ui.FXGLDialogFactory
UI Factory: class com.almasb.fxgl.ui.FXGLUIFactory
Notification Service: class com.almasb.fxgl.gameplay.notification.XboxNotificationView
Exception Handler: class com.almasb.fxgl.app.FXGLExceptionHandler
21:35:56.561 [FXGL Launcher Thread     ] DEBUG GameApplication      - Configuring GameApplication
21:35:56.561 [FXGL Launcher Thread     ] DEBUG GameApplication      - Initializing state machine and application states
21:35:56.580 [FXGL Launcher Thread     ] DEBUG AssetLoader          - Loading from disk: /assets/ui/cursors/fxgl_default.png
21:35:56.616 [FXGL Launcher Thread     ] DEBUG AssetLoader          - Loading from disk: /assets/ui/cursors/fxgl_default.png
21:35:56.652 [FXGL Launcher Thread     ] DEBUG FXGLAssets           - Loading FXGLAssets
21:35:56.694 [FXGL Launcher Thread     ] DEBUG AssetLoader          - Loading from disk: /assets/ui/fonts/VarelaRound-Regular.ttf
21:35:56.758 [FXGL Launcher Thread     ] DEBUG AssetLoader          - Loading from disk: /assets/ui/fonts/lucida_console.ttf
21:35:56.764 [FXGL Launcher Thread     ] DEBUG AssetLoader          - Loading from disk: /assets/ui/css/fxgl_dark.css
21:35:56.765 [FXGL Launcher Thread     ] DEBUG AssetLoader          - Loading from disk: /assets/ui/icons/fxgl_icon.png
21:35:56.833 [FXGL Launcher Thread     ] DEBUG AssetLoader          - Loading from disk: /assets/ui/cursors/fxgl_default.png
21:35:56.844 [FXGL Launcher Thread     ] DEBUG AssetLoader          - Loading from disk: /assets/ui/cursors/fxgl_default.png
21:35:56.879 [FXGL Launcher Thread     ] DEBUG GameScene            - Game scene initialized: 600x600
21:35:56.885 [FXGL Launcher Thread     ] DEBUG GameWorld            - Game world initialized
21:35:56.956 [FXGL Launcher Thread     ] DEBUG PhysicsWorld         - Physics world initialized: appHeight=600, physics.ppm=50.0
21:35:56.981 [FXGL Launcher Thread     ] DEBUG Input                - Registered new binding: Pause - Esc
21:35:57.007 [FXGL Launcher Thread     ] DEBUG Input                - Clearing active input actions
21:35:57.063 [FXGL Launcher Thread     ] DEBUG AppStateMachine      - StartupState -> StartupState
21:35:57.072 [FXGL Launcher Thread     ] INFO  GameApplication      - Game configuration took:  0.511 sec
21:35:57.076 [JavaFX Application Thread] DEBUG MainWindow           - Opening main window
21:35:57.257 [JavaFX Application Thread] DEBUG MainWindow           - Window border size: (6.0, 29.0)
21:35:57.257 [JavaFX Application Thread] DEBUG MainWindow           - Scaled size: 600.0 x 600.0
21:35:57.257 [JavaFX Application Thread] DEBUG MainWindow           - Scaled ratio: (1.0, 1.0)
21:35:57.259 [JavaFX Application Thread] DEBUG MainWindow           - Scene size: 600.0 x 600.0
21:35:57.259 [JavaFX Application Thread] DEBUG MainWindow           - Stage size: 606.0 x 629.0
21:35:57.259 [JavaFX Application Thread] DEBUG GameApplication      - Running preInit()
21:35:57.261 [JavaFX Application Thread] DEBUG Input                - Registered new binding: Screenshot - P
21:35:57.262 [JavaFX Application Thread] DEBUG Input                - Registered new binding: Dev Options - CTRL+0
21:35:57.263 [JavaFX Application Thread] DEBUG Input                - Registered new binding: System info dump - CTRL+9
21:35:57.264 [JavaFX Application Thread] DEBUG Input                - Registered new binding: Restart - CTRL+R
21:35:57.264 [JavaFX Application Thread] DEBUG Input                - Registered new binding: Move Right - D
21:35:57.306 [JavaFX Application Thread] DEBUG GameApplication      - Starting main loop
21:35:57.308 [JavaFX Application Thread] DEBUG StartupState         - STARTUP
21:35:57.309 [JavaFX Application Thread] DEBUG GameApplication      - Starting new game
21:35:57.309 [JavaFX Application Thread] DEBUG Input                - Clearing active input actions
21:35:57.319 [JavaFX Application Thread] DEBUG AppStateMachine      - StartupState -> LoadingState
21:35:57.322 [FXGL Background Thread 1 ] DEBUG InitAppTask          - Clearing previous game
21:35:57.322 [FXGL Background Thread 1 ] DEBUG GameWorld            - Clearing game world
21:35:57.322 [FXGL Background Thread 1 ] DEBUG PhysicsWorld         - Clearing physics world
21:35:57.323 [FXGL Background Thread 1 ] DEBUG GameScene            - Clearing game scene
21:35:57.324 [FXGL Background Thread 1 ] DEBUG InitAppTask          - Initializing Game
21:35:57.499 [FXGL Background Thread 1 ] DEBUG GameScene            - Creating render group for layer: DEFAULT(100000)
21:35:57.503 [FXGL Background Thread 1 ] DEBUG InitAppTask          - Initializing Physics
21:35:57.504 [FXGL Background Thread 1 ] DEBUG InitAppTask          - Initializing UI
21:35:57.506 [FXGL Background Thread 1 ] DEBUG InitAppTask          - Initialization Complete
21:35:57.506 [FXGL Background Thread 1 ] INFO  InitAppTask          - Game initialization took: 0.184 sec
21:35:57.512 [JavaFX Application Thread] DEBUG Input                - Clearing active input actions
21:35:57.519 [JavaFX Application Thread] DEBUG AppStateMachine      - LoadingState -> PlayState
21:36:01.147 [JavaFX Application Thread] DEBUG GameApplication      - Exiting game application
21:36:01.148 [JavaFX Application Thread] DEBUG GameApplication      - Shutting down background threads
21:36:01.148 [JavaFX Application Thread] DEBUG GameApplication      - Exiting FXGL
21:36:01.149 [JavaFX Application Thread] DEBUG FXGL                 - Saving FXGL system data
21:36:01.152 [JavaFX Application Thread] DEBUG FS                   - Writing to: system\fxgl.bundle
21:36:01.157 [JavaFX Application Thread] DEBUG GameApplication      - Closing logger and exiting JavaFX
