22:27:01.415 [JavaFX Application Thread] DEBUG GameApplication      - Logger initialized
22:27:01.422 [JavaFX Application Thread] DEBUG MainWindow           - Creating a JavaFX scene
22:27:01.562 [JavaFX Application Thread] DEBUG MainWindow           - Target settings size: 600.0 x 600.0
22:27:01.562 [JavaFX Application Thread] DEBUG MainWindow           - Scaled scene size:    600.0 x 600.0
22:27:01.562 [JavaFX Application Thread] DEBUG MainWindow           - Scaled ratio: (1.0, 1.0)
22:27:01.570 [JavaFX Application Thread] DEBUG GameApplication      - Starting FXGL
22:27:01.591 [FXGL Launcher Thread     ] INFO  FXGL                 - FXGL-0.5.0 on DESKTOP
22:27:01.592 [FXGL Launcher Thread     ] INFO  FXGL                 - Source code and latest versions at: https://github.com/AlmasB/FXGL
22:27:01.592 [FXGL Launcher Thread     ] INFO  FXGL                 -              Join the FXGL chat at: https://gitter.im/AlmasB/FXGL
22:27:01.598 [FXGL Launcher Thread     ] DEBUG FXGL                 - Loading FXGL system data
22:27:01.612 [FXGL Launcher Thread     ] DEBUG FS                   - Reading from: system\fxgl.bundle
22:27:01.624 [FXGL Launcher Thread     ] DEBUG Bundle               - Logging bundle: FXGL
22:27:01.625 [FXGL Launcher Thread     ] DEBUG Bundle               - FXGL.offline.timer.version.check=2018-04-26T20:24:07.066
22:27:01.659 [FXGL Launcher Thread     ] DEBUG GameApplication      - FXGL started
22:27:01.659 [FXGL Launcher Thread     ] DEBUG GameApplication      - Logging game settings
Title: Battle!!!
Version: 0.0
Width: 600
Height: 600
Fullscreen: false
Intro: false
Menus: false
Profiling: false
Single step:false
App Mode: DEVELOPER
Menu Key: ESCAPE
Stage Style: DECORATED
Scene Factory: class com.almasb.fxgl.scene.SceneFactory
Dialog Factory: class com.almasb.fxgl.ui.FXGLDialogFactory
UI Factory: class com.almasb.fxgl.ui.FXGLUIFactory
Notification Service: class com.almasb.fxgl.gameplay.notification.XboxNotificationView
Exception Handler: class com.almasb.fxgl.app.FXGLExceptionHandler
22:27:01.660 [FXGL Launcher Thread     ] DEBUG GameApplication      - Configuring GameApplication
22:27:01.660 [FXGL Launcher Thread     ] DEBUG GameApplication      - Initializing state machine and application states
22:27:01.680 [FXGL Launcher Thread     ] DEBUG AssetLoader          - Loading from disk: /assets/ui/cursors/fxgl_default.png
22:27:01.718 [FXGL Launcher Thread     ] DEBUG AssetLoader          - Loading from disk: /assets/ui/cursors/fxgl_default.png
22:27:01.754 [FXGL Launcher Thread     ] DEBUG FXGLAssets           - Loading FXGLAssets
22:27:01.797 [FXGL Launcher Thread     ] DEBUG AssetLoader          - Loading from disk: /assets/ui/fonts/VarelaRound-Regular.ttf
22:27:01.862 [FXGL Launcher Thread     ] DEBUG AssetLoader          - Loading from disk: /assets/ui/fonts/lucida_console.ttf
22:27:01.867 [FXGL Launcher Thread     ] DEBUG AssetLoader          - Loading from disk: /assets/ui/css/fxgl_dark.css
22:27:01.869 [FXGL Launcher Thread     ] DEBUG AssetLoader          - Loading from disk: /assets/ui/icons/fxgl_icon.png
22:27:01.938 [FXGL Launcher Thread     ] DEBUG AssetLoader          - Loading from disk: /assets/ui/cursors/fxgl_default.png
22:27:01.950 [FXGL Launcher Thread     ] DEBUG AssetLoader          - Loading from disk: /assets/ui/cursors/fxgl_default.png
22:27:01.988 [FXGL Launcher Thread     ] DEBUG GameScene            - Game scene initialized: 600x600
22:27:01.994 [FXGL Launcher Thread     ] DEBUG GameWorld            - Game world initialized
22:27:02.068 [FXGL Launcher Thread     ] DEBUG PhysicsWorld         - Physics world initialized: appHeight=600, physics.ppm=50.0
22:27:02.093 [FXGL Launcher Thread     ] DEBUG Input                - Registered new binding: Pause - Esc
22:27:02.119 [FXGL Launcher Thread     ] DEBUG Input                - Clearing active input actions
22:27:02.176 [FXGL Launcher Thread     ] DEBUG AppStateMachine      - StartupState -> StartupState
22:27:02.185 [FXGL Launcher Thread     ] INFO  GameApplication      - Game configuration took:  0.525 sec
22:27:02.190 [JavaFX Application Thread] DEBUG MainWindow           - Opening main window
22:27:02.378 [JavaFX Application Thread] DEBUG MainWindow           - Window border size: (6.0, 29.0)
22:27:02.378 [JavaFX Application Thread] DEBUG MainWindow           - Scaled size: 600.0 x 600.0
22:27:02.379 [JavaFX Application Thread] DEBUG MainWindow           - Scaled ratio: (1.0, 1.0)
22:27:02.380 [JavaFX Application Thread] DEBUG MainWindow           - Scene size: 600.0 x 600.0
22:27:02.380 [JavaFX Application Thread] DEBUG MainWindow           - Stage size: 606.0 x 629.0
22:27:02.380 [JavaFX Application Thread] DEBUG GameApplication      - Running preInit()
22:27:02.382 [JavaFX Application Thread] DEBUG Input                - Registered new binding: Screenshot - P
22:27:02.383 [JavaFX Application Thread] DEBUG Input                - Registered new binding: Dev Options - CTRL+0
22:27:02.384 [JavaFX Application Thread] DEBUG Input                - Registered new binding: System info dump - CTRL+9
22:27:02.384 [JavaFX Application Thread] DEBUG Input                - Registered new binding: Restart - CTRL+R
22:27:02.385 [JavaFX Application Thread] DEBUG Input                - Registered new binding: Move Right - D
22:27:02.427 [JavaFX Application Thread] DEBUG GameApplication      - Starting main loop
22:27:02.429 [JavaFX Application Thread] DEBUG StartupState         - STARTUP
22:27:02.430 [JavaFX Application Thread] DEBUG GameApplication      - Starting new game
22:27:02.430 [JavaFX Application Thread] DEBUG Input                - Clearing active input actions
22:27:02.439 [JavaFX Application Thread] DEBUG AppStateMachine      - StartupState -> LoadingState
22:27:02.443 [FXGL Background Thread 1 ] DEBUG InitAppTask          - Clearing previous game
22:27:02.443 [FXGL Background Thread 1 ] DEBUG GameWorld            - Clearing game world
22:27:02.443 [FXGL Background Thread 1 ] DEBUG PhysicsWorld         - Clearing physics world
22:27:02.443 [FXGL Background Thread 1 ] DEBUG GameScene            - Clearing game scene
22:27:02.444 [FXGL Background Thread 1 ] DEBUG InitAppTask          - Initializing Game
22:27:02.605 [FXGL Background Thread 1 ] DEBUG GameScene            - Creating render group for layer: DEFAULT(100000)
22:27:02.611 [FXGL Background Thread 1 ] DEBUG InitAppTask          - Initializing Physics
22:27:02.611 [FXGL Background Thread 1 ] DEBUG InitAppTask          - Initializing UI
22:27:02.613 [FXGL Background Thread 1 ] DEBUG InitAppTask          - Initialization Complete
22:27:02.613 [FXGL Background Thread 1 ] INFO  InitAppTask          - Game initialization took: 0.171 sec
22:27:02.617 [JavaFX Application Thread] DEBUG Input                - Clearing active input actions
22:27:02.625 [JavaFX Application Thread] DEBUG AppStateMachine      - LoadingState -> PlayState
22:27:08.140 [JavaFX Application Thread] DEBUG GameApplication      - Exiting game application
22:27:08.141 [JavaFX Application Thread] DEBUG GameApplication      - Shutting down background threads
22:27:08.141 [JavaFX Application Thread] DEBUG GameApplication      - Exiting FXGL
22:27:08.142 [JavaFX Application Thread] DEBUG FXGL                 - Saving FXGL system data
22:27:08.145 [JavaFX Application Thread] DEBUG FS                   - Writing to: system\fxgl.bundle
22:27:08.149 [JavaFX Application Thread] DEBUG GameApplication      - Closing logger and exiting JavaFX
