22:19:08.160 [JavaFX Application Thread] DEBUG GameApplication      - Logger initialized
22:19:08.168 [JavaFX Application Thread] DEBUG MainWindow           - Creating a JavaFX scene
22:19:08.303 [JavaFX Application Thread] DEBUG MainWindow           - Target settings size: 600.0 x 600.0
22:19:08.304 [JavaFX Application Thread] DEBUG MainWindow           - Scaled scene size:    600.0 x 600.0
22:19:08.304 [JavaFX Application Thread] DEBUG MainWindow           - Scaled ratio: (1.0, 1.0)
22:19:08.312 [JavaFX Application Thread] DEBUG GameApplication      - Starting FXGL
22:19:08.334 [FXGL Launcher Thread     ] INFO  FXGL                 - FXGL-0.5.0 on DESKTOP
22:19:08.335 [FXGL Launcher Thread     ] INFO  FXGL                 - Source code and latest versions at: https://github.com/AlmasB/FXGL
22:19:08.335 [FXGL Launcher Thread     ] INFO  FXGL                 -              Join the FXGL chat at: https://gitter.im/AlmasB/FXGL
22:19:08.342 [FXGL Launcher Thread     ] DEBUG FXGL                 - Loading FXGL system data
22:19:08.355 [FXGL Launcher Thread     ] DEBUG FS                   - Reading from: system\fxgl.bundle
22:19:08.367 [FXGL Launcher Thread     ] DEBUG Bundle               - Logging bundle: FXGL
22:19:08.368 [FXGL Launcher Thread     ] DEBUG Bundle               - FXGL.offline.timer.version.check=2018-04-26T20:24:07.066
22:19:08.401 [FXGL Launcher Thread     ] DEBUG GameApplication      - FXGL started
22:19:08.402 [FXGL Launcher Thread     ] DEBUG GameApplication      - Logging game settings
Title: Battle!!!
Version: 0.0
Width: 600
Height: 600
Fullscreen: false
Intro: false
Menus: false
Profiling: false
Single step:false
App Mode: DEVELOPER
Menu Key: ESCAPE
Stage Style: DECORATED
Scene Factory: class com.almasb.fxgl.scene.SceneFactory
Dialog Factory: class com.almasb.fxgl.ui.FXGLDialogFactory
UI Factory: class com.almasb.fxgl.ui.FXGLUIFactory
Notification Service: class com.almasb.fxgl.gameplay.notification.XboxNotificationView
Exception Handler: class com.almasb.fxgl.app.FXGLExceptionHandler
22:19:08.403 [FXGL Launcher Thread     ] DEBUG GameApplication      - Configuring GameApplication
22:19:08.403 [FXGL Launcher Thread     ] DEBUG GameApplication      - Initializing state machine and application states
22:19:08.422 [FXGL Launcher Thread     ] DEBUG AssetLoader          - Loading from disk: /assets/ui/cursors/fxgl_default.png
22:19:08.460 [FXGL Launcher Thread     ] DEBUG AssetLoader          - Loading from disk: /assets/ui/cursors/fxgl_default.png
22:19:08.495 [FXGL Launcher Thread     ] DEBUG FXGLAssets           - Loading FXGLAssets
22:19:08.536 [FXGL Launcher Thread     ] DEBUG AssetLoader          - Loading from disk: /assets/ui/fonts/VarelaRound-Regular.ttf
22:19:08.601 [FXGL Launcher Thread     ] DEBUG AssetLoader          - Loading from disk: /assets/ui/fonts/lucida_console.ttf
22:19:08.605 [FXGL Launcher Thread     ] DEBUG AssetLoader          - Loading from disk: /assets/ui/css/fxgl_dark.css
22:19:08.607 [FXGL Launcher Thread     ] DEBUG AssetLoader          - Loading from disk: /assets/ui/icons/fxgl_icon.png
22:19:08.677 [FXGL Launcher Thread     ] DEBUG AssetLoader          - Loading from disk: /assets/ui/cursors/fxgl_default.png
22:19:08.689 [FXGL Launcher Thread     ] DEBUG AssetLoader          - Loading from disk: /assets/ui/cursors/fxgl_default.png
22:19:08.727 [FXGL Launcher Thread     ] DEBUG GameScene            - Game scene initialized: 600x600
22:19:08.734 [FXGL Launcher Thread     ] DEBUG GameWorld            - Game world initialized
22:19:08.807 [FXGL Launcher Thread     ] DEBUG PhysicsWorld         - Physics world initialized: appHeight=600, physics.ppm=50.0
22:19:08.833 [FXGL Launcher Thread     ] DEBUG Input                - Registered new binding: Pause - Esc
22:19:08.860 [FXGL Launcher Thread     ] DEBUG Input                - Clearing active input actions
22:19:08.918 [FXGL Launcher Thread     ] DEBUG AppStateMachine      - StartupState -> StartupState
22:19:08.927 [FXGL Launcher Thread     ] INFO  GameApplication      - Game configuration took:  0.525 sec
22:19:08.931 [JavaFX Application Thread] DEBUG MainWindow           - Opening main window
22:19:09.111 [JavaFX Application Thread] DEBUG MainWindow           - Window border size: (6.0, 29.0)
22:19:09.111 [JavaFX Application Thread] DEBUG MainWindow           - Scaled size: 600.0 x 600.0
22:19:09.111 [JavaFX Application Thread] DEBUG MainWindow           - Scaled ratio: (1.0, 1.0)
22:19:09.113 [JavaFX Application Thread] DEBUG MainWindow           - Scene size: 600.0 x 600.0
22:19:09.113 [JavaFX Application Thread] DEBUG MainWindow           - Stage size: 606.0 x 629.0
22:19:09.113 [JavaFX Application Thread] DEBUG GameApplication      - Running preInit()
22:19:09.116 [JavaFX Application Thread] DEBUG Input                - Registered new binding: Screenshot - P
22:19:09.116 [JavaFX Application Thread] DEBUG Input                - Registered new binding: Dev Options - CTRL+0
22:19:09.117 [JavaFX Application Thread] DEBUG Input                - Registered new binding: System info dump - CTRL+9
22:19:09.118 [JavaFX Application Thread] DEBUG Input                - Registered new binding: Restart - CTRL+R
22:19:09.118 [JavaFX Application Thread] DEBUG Input                - Registered new binding: Move Right - D
22:19:09.159 [JavaFX Application Thread] DEBUG GameApplication      - Starting main loop
22:19:09.162 [JavaFX Application Thread] DEBUG StartupState         - STARTUP
22:19:09.162 [JavaFX Application Thread] DEBUG GameApplication      - Starting new game
22:19:09.162 [JavaFX Application Thread] DEBUG Input                - Clearing active input actions
22:19:09.171 [JavaFX Application Thread] DEBUG AppStateMachine      - StartupState -> LoadingState
22:19:09.174 [FXGL Background Thread 1 ] DEBUG InitAppTask          - Clearing previous game
22:19:09.174 [FXGL Background Thread 1 ] DEBUG GameWorld            - Clearing game world
22:19:09.174 [FXGL Background Thread 1 ] DEBUG PhysicsWorld         - Clearing physics world
22:19:09.174 [FXGL Background Thread 1 ] DEBUG GameScene            - Clearing game scene
22:19:09.176 [FXGL Background Thread 1 ] DEBUG InitAppTask          - Initializing Game
22:19:09.369 [FXGL Background Thread 1 ] DEBUG GameScene            - Creating render group for layer: DEFAULT(100000)
22:19:09.374 [FXGL Background Thread 1 ] DEBUG InitAppTask          - Initializing Physics
22:19:09.374 [FXGL Background Thread 1 ] DEBUG InitAppTask          - Initializing UI
22:19:09.376 [FXGL Background Thread 1 ] DEBUG InitAppTask          - Initialization Complete
22:19:09.376 [FXGL Background Thread 1 ] INFO  InitAppTask          - Game initialization took: 0.202 sec
22:19:09.389 [JavaFX Application Thread] DEBUG Input                - Clearing active input actions
22:19:09.396 [JavaFX Application Thread] DEBUG AppStateMachine      - LoadingState -> PlayState
22:19:11.371 [JavaFX Application Thread] DEBUG GameApplication      - Exiting game application
22:19:11.373 [JavaFX Application Thread] DEBUG GameApplication      - Shutting down background threads
22:19:11.373 [JavaFX Application Thread] DEBUG GameApplication      - Exiting FXGL
22:19:11.373 [JavaFX Application Thread] DEBUG FXGL                 - Saving FXGL system data
22:19:11.377 [JavaFX Application Thread] DEBUG FS                   - Writing to: system\fxgl.bundle
22:19:11.381 [JavaFX Application Thread] DEBUG GameApplication      - Closing logger and exiting JavaFX
