20:28:26.169 [JavaFX Application Thread] DEBUG GameApplication      - Logger initialized
20:28:26.176 [JavaFX Application Thread] DEBUG MainWindow           - Creating a JavaFX scene
20:28:26.316 [JavaFX Application Thread] DEBUG MainWindow           - Target settings size: 600.0 x 600.0
20:28:26.316 [JavaFX Application Thread] DEBUG MainWindow           - Scaled scene size:    600.0 x 600.0
20:28:26.317 [JavaFX Application Thread] DEBUG MainWindow           - Scaled ratio: (1.0, 1.0)
20:28:26.325 [JavaFX Application Thread] DEBUG GameApplication      - Starting FXGL
20:28:26.346 [FXGL Launcher Thread     ] INFO  FXGL                 - FXGL-0.5.0 on DESKTOP
20:28:26.347 [FXGL Launcher Thread     ] INFO  FXGL                 - Source code and latest versions at: https://github.com/AlmasB/FXGL
20:28:26.347 [FXGL Launcher Thread     ] INFO  FXGL                 -              Join the FXGL chat at: https://gitter.im/AlmasB/FXGL
20:28:26.354 [FXGL Launcher Thread     ] DEBUG FXGL                 - Loading FXGL system data
20:28:26.368 [FXGL Launcher Thread     ] DEBUG FS                   - Reading from: system\fxgl.bundle
20:28:26.380 [FXGL Launcher Thread     ] DEBUG Bundle               - Logging bundle: FXGL
20:28:26.380 [FXGL Launcher Thread     ] DEBUG Bundle               - FXGL.offline.timer.version.check=2018-04-26T20:24:07.066
20:28:26.414 [FXGL Launcher Thread     ] DEBUG GameApplication      - FXGL started
20:28:26.414 [FXGL Launcher Thread     ] DEBUG GameApplication      - Logging game settings
Title: Battle!!!
Version: 0.1
Width: 600
Height: 600
Fullscreen: false
Intro: false
Menus: false
Profiling: false
Single step:false
App Mode: DEVELOPER
Menu Key: ESCAPE
Stage Style: DECORATED
Scene Factory: class com.almasb.fxgl.scene.SceneFactory
Dialog Factory: class com.almasb.fxgl.ui.FXGLDialogFactory
UI Factory: class com.almasb.fxgl.ui.FXGLUIFactory
Notification Service: class com.almasb.fxgl.gameplay.notification.XboxNotificationView
Exception Handler: class com.almasb.fxgl.app.FXGLExceptionHandler
20:28:26.415 [FXGL Launcher Thread     ] DEBUG GameApplication      - Configuring GameApplication
20:28:26.416 [FXGL Launcher Thread     ] DEBUG GameApplication      - Initializing state machine and application states
20:28:26.435 [FXGL Launcher Thread     ] DEBUG AssetLoader          - Loading from disk: /assets/ui/cursors/fxgl_default.png
20:28:26.472 [FXGL Launcher Thread     ] DEBUG AssetLoader          - Loading from disk: /assets/ui/cursors/fxgl_default.png
20:28:26.506 [FXGL Launcher Thread     ] DEBUG FXGLAssets           - Loading FXGLAssets
20:28:26.547 [FXGL Launcher Thread     ] DEBUG AssetLoader          - Loading from disk: /assets/ui/fonts/VarelaRound-Regular.ttf
20:28:26.610 [FXGL Launcher Thread     ] DEBUG AssetLoader          - Loading from disk: /assets/ui/fonts/lucida_console.ttf
20:28:26.615 [FXGL Launcher Thread     ] DEBUG AssetLoader          - Loading from disk: /assets/ui/css/fxgl_dark.css
20:28:26.616 [FXGL Launcher Thread     ] DEBUG AssetLoader          - Loading from disk: /assets/ui/icons/fxgl_icon.png
20:28:26.685 [FXGL Launcher Thread     ] DEBUG AssetLoader          - Loading from disk: /assets/ui/cursors/fxgl_default.png
20:28:26.696 [FXGL Launcher Thread     ] DEBUG AssetLoader          - Loading from disk: /assets/ui/cursors/fxgl_default.png
20:28:26.743 [FXGL Launcher Thread     ] DEBUG GameScene            - Game scene initialized: 600x600
20:28:26.750 [FXGL Launcher Thread     ] DEBUG GameWorld            - Game world initialized
20:28:26.826 [FXGL Launcher Thread     ] DEBUG PhysicsWorld         - Physics world initialized: appHeight=600, physics.ppm=50.0
20:28:26.852 [FXGL Launcher Thread     ] DEBUG Input                - Registered new binding: Pause - Esc
20:28:26.880 [FXGL Launcher Thread     ] DEBUG Input                - Clearing active input actions
20:28:26.940 [FXGL Launcher Thread     ] DEBUG AppStateMachine      - StartupState -> StartupState
20:28:26.950 [FXGL Launcher Thread     ] INFO  GameApplication      - Game configuration took:  0.535 sec
20:28:26.954 [JavaFX Application Thread] DEBUG MainWindow           - Opening main window
20:28:27.147 [JavaFX Application Thread] DEBUG MainWindow           - Window border size: (6.0, 29.0)
20:28:27.148 [JavaFX Application Thread] DEBUG MainWindow           - Scaled size: 600.0 x 600.0
20:28:27.148 [JavaFX Application Thread] DEBUG MainWindow           - Scaled ratio: (1.0, 1.0)
20:28:27.148 [JavaFX Application Thread] DEBUG MainWindow           - Scene size: 600.0 x 600.0
20:28:27.148 [JavaFX Application Thread] DEBUG MainWindow           - Stage size: 606.0 x 629.0
20:28:27.149 [JavaFX Application Thread] DEBUG GameApplication      - Running preInit()
20:28:27.151 [JavaFX Application Thread] DEBUG Input                - Registered new binding: Screenshot - P
20:28:27.152 [JavaFX Application Thread] DEBUG Input                - Registered new binding: Dev Options - CTRL+0
20:28:27.153 [JavaFX Application Thread] DEBUG Input                - Registered new binding: System info dump - CTRL+9
20:28:27.154 [JavaFX Application Thread] DEBUG Input                - Registered new binding: Restart - CTRL+R
20:28:27.154 [JavaFX Application Thread] DEBUG Input                - Registered new binding: Move Right - D
20:28:27.198 [JavaFX Application Thread] DEBUG GameApplication      - Starting main loop
20:28:27.200 [JavaFX Application Thread] DEBUG StartupState         - STARTUP
20:28:27.201 [JavaFX Application Thread] DEBUG GameApplication      - Starting new game
20:28:27.201 [JavaFX Application Thread] DEBUG Input                - Clearing active input actions
20:28:27.210 [JavaFX Application Thread] DEBUG AppStateMachine      - StartupState -> LoadingState
20:28:27.214 [FXGL Background Thread 1 ] DEBUG InitAppTask          - Clearing previous game
20:28:27.214 [FXGL Background Thread 1 ] DEBUG GameWorld            - Clearing game world
20:28:27.214 [FXGL Background Thread 1 ] DEBUG PhysicsWorld         - Clearing physics world
20:28:27.214 [FXGL Background Thread 1 ] DEBUG GameScene            - Clearing game scene
20:28:27.215 [FXGL Background Thread 1 ] DEBUG InitAppTask          - Initializing Game
20:28:27.384 [FXGL Background Thread 1 ] DEBUG GameScene            - Creating render group for layer: DEFAULT(100000)
20:28:27.386 [FXGL Background Thread 1 ] DEBUG InitAppTask          - Initializing Physics
20:28:27.386 [FXGL Background Thread 1 ] DEBUG InitAppTask          - Initializing UI
20:28:27.386 [FXGL Background Thread 1 ] DEBUG InitAppTask          - Initialization Complete
20:28:27.387 [FXGL Background Thread 1 ] INFO  InitAppTask          - Game initialization took: 0.173 sec
20:28:27.393 [JavaFX Application Thread] DEBUG Input                - Clearing active input actions
20:28:27.401 [JavaFX Application Thread] DEBUG AppStateMachine      - LoadingState -> PlayState
20:28:33.713 [JavaFX Application Thread] DEBUG GameApplication      - Exiting game application
20:28:33.715 [JavaFX Application Thread] DEBUG GameApplication      - Shutting down background threads
20:28:33.715 [JavaFX Application Thread] DEBUG GameApplication      - Exiting FXGL
20:28:33.715 [JavaFX Application Thread] DEBUG FXGL                 - Saving FXGL system data
20:28:33.718 [JavaFX Application Thread] DEBUG FS                   - Writing to: system\fxgl.bundle
20:28:33.723 [JavaFX Application Thread] DEBUG GameApplication      - Closing logger and exiting JavaFX
