20:35:01.851 [JavaFX Application Thread] DEBUG GameApplication      - Logger initialized
20:35:01.859 [JavaFX Application Thread] DEBUG MainWindow           - Creating a JavaFX scene
20:35:01.999 [JavaFX Application Thread] DEBUG MainWindow           - Target settings size: 600.0 x 600.0
20:35:01.999 [JavaFX Application Thread] DEBUG MainWindow           - Scaled scene size:    600.0 x 600.0
20:35:01.999 [JavaFX Application Thread] DEBUG MainWindow           - Scaled ratio: (1.0, 1.0)
20:35:02.008 [JavaFX Application Thread] DEBUG GameApplication      - Starting FXGL
20:35:02.029 [FXGL Launcher Thread     ] INFO  FXGL                 - FXGL-0.5.0 on DESKTOP
20:35:02.029 [FXGL Launcher Thread     ] INFO  FXGL                 - Source code and latest versions at: https://github.com/AlmasB/FXGL
20:35:02.030 [FXGL Launcher Thread     ] INFO  FXGL                 -              Join the FXGL chat at: https://gitter.im/AlmasB/FXGL
20:35:02.037 [FXGL Launcher Thread     ] DEBUG FXGL                 - Loading FXGL system data
20:35:02.051 [FXGL Launcher Thread     ] DEBUG FS                   - Reading from: system\fxgl.bundle
20:35:02.063 [FXGL Launcher Thread     ] DEBUG Bundle               - Logging bundle: FXGL
20:35:02.064 [FXGL Launcher Thread     ] DEBUG Bundle               - FXGL.offline.timer.version.check=2018-04-26T20:24:07.066
20:35:02.096 [FXGL Launcher Thread     ] DEBUG GameApplication      - FXGL started
20:35:02.097 [FXGL Launcher Thread     ] DEBUG GameApplication      - Logging game settings
Title: Battle!!!
Version: 0.1
Width: 600
Height: 600
Fullscreen: false
Intro: false
Menus: false
Profiling: false
Single step:false
App Mode: DEVELOPER
Menu Key: ESCAPE
Stage Style: DECORATED
Scene Factory: class com.almasb.fxgl.scene.SceneFactory
Dialog Factory: class com.almasb.fxgl.ui.FXGLDialogFactory
UI Factory: class com.almasb.fxgl.ui.FXGLUIFactory
Notification Service: class com.almasb.fxgl.gameplay.notification.XboxNotificationView
Exception Handler: class com.almasb.fxgl.app.FXGLExceptionHandler
20:35:02.098 [FXGL Launcher Thread     ] DEBUG GameApplication      - Configuring GameApplication
20:35:02.098 [FXGL Launcher Thread     ] DEBUG GameApplication      - Initializing state machine and application states
20:35:02.119 [FXGL Launcher Thread     ] DEBUG AssetLoader          - Loading from disk: /assets/ui/cursors/fxgl_default.png
20:35:02.156 [FXGL Launcher Thread     ] DEBUG AssetLoader          - Loading from disk: /assets/ui/cursors/fxgl_default.png
20:35:02.188 [FXGL Launcher Thread     ] DEBUG FXGLAssets           - Loading FXGLAssets
20:35:02.226 [FXGL Launcher Thread     ] DEBUG AssetLoader          - Loading from disk: /assets/ui/fonts/VarelaRound-Regular.ttf
20:35:02.288 [FXGL Launcher Thread     ] DEBUG AssetLoader          - Loading from disk: /assets/ui/fonts/lucida_console.ttf
20:35:02.293 [FXGL Launcher Thread     ] DEBUG AssetLoader          - Loading from disk: /assets/ui/css/fxgl_dark.css
20:35:02.295 [FXGL Launcher Thread     ] DEBUG AssetLoader          - Loading from disk: /assets/ui/icons/fxgl_icon.png
20:35:02.364 [FXGL Launcher Thread     ] DEBUG AssetLoader          - Loading from disk: /assets/ui/cursors/fxgl_default.png
20:35:02.375 [FXGL Launcher Thread     ] DEBUG AssetLoader          - Loading from disk: /assets/ui/cursors/fxgl_default.png
20:35:02.426 [FXGL Launcher Thread     ] DEBUG GameScene            - Game scene initialized: 600x600
20:35:02.432 [FXGL Launcher Thread     ] DEBUG GameWorld            - Game world initialized
20:35:02.504 [FXGL Launcher Thread     ] DEBUG PhysicsWorld         - Physics world initialized: appHeight=600, physics.ppm=50.0
20:35:02.530 [FXGL Launcher Thread     ] DEBUG Input                - Registered new binding: Pause - Esc
20:35:02.557 [FXGL Launcher Thread     ] DEBUG Input                - Clearing active input actions
20:35:02.615 [FXGL Launcher Thread     ] DEBUG AppStateMachine      - StartupState -> StartupState
20:35:02.625 [FXGL Launcher Thread     ] INFO  GameApplication      - Game configuration took:  0.527 sec
20:35:02.630 [JavaFX Application Thread] DEBUG MainWindow           - Opening main window
20:35:02.814 [JavaFX Application Thread] DEBUG MainWindow           - Window border size: (6.0, 29.0)
20:35:02.814 [JavaFX Application Thread] DEBUG MainWindow           - Scaled size: 600.0 x 600.0
20:35:02.814 [JavaFX Application Thread] DEBUG MainWindow           - Scaled ratio: (1.0, 1.0)
20:35:02.816 [JavaFX Application Thread] DEBUG MainWindow           - Scene size: 600.0 x 600.0
20:35:02.816 [JavaFX Application Thread] DEBUG MainWindow           - Stage size: 606.0 x 629.0
20:35:02.816 [JavaFX Application Thread] DEBUG GameApplication      - Running preInit()
20:35:02.818 [JavaFX Application Thread] DEBUG Input                - Registered new binding: Screenshot - P
20:35:02.819 [JavaFX Application Thread] DEBUG Input                - Registered new binding: Dev Options - CTRL+0
20:35:02.820 [JavaFX Application Thread] DEBUG Input                - Registered new binding: System info dump - CTRL+9
20:35:02.821 [JavaFX Application Thread] DEBUG Input                - Registered new binding: Restart - CTRL+R
20:35:02.821 [JavaFX Application Thread] DEBUG Input                - Registered new binding: Move Right - D
20:35:02.864 [JavaFX Application Thread] DEBUG GameApplication      - Starting main loop
20:35:02.866 [JavaFX Application Thread] DEBUG StartupState         - STARTUP
20:35:02.867 [JavaFX Application Thread] DEBUG GameApplication      - Starting new game
20:35:02.867 [JavaFX Application Thread] DEBUG Input                - Clearing active input actions
20:35:02.875 [JavaFX Application Thread] DEBUG AppStateMachine      - StartupState -> LoadingState
20:35:02.879 [FXGL Background Thread 1 ] DEBUG InitAppTask          - Clearing previous game
20:35:02.880 [FXGL Background Thread 1 ] DEBUG GameWorld            - Clearing game world
20:35:02.880 [FXGL Background Thread 1 ] DEBUG PhysicsWorld         - Clearing physics world
20:35:02.880 [FXGL Background Thread 1 ] DEBUG GameScene            - Clearing game scene
20:35:02.881 [FXGL Background Thread 1 ] DEBUG InitAppTask          - Initializing Game
20:35:03.047 [FXGL Background Thread 1 ] DEBUG GameScene            - Creating render group for layer: DEFAULT(100000)
20:35:03.050 [FXGL Background Thread 1 ] DEBUG InitAppTask          - Initializing Physics
20:35:03.050 [FXGL Background Thread 1 ] DEBUG InitAppTask          - Initializing UI
20:35:03.052 [FXGL Background Thread 1 ] DEBUG InitAppTask          - Initialization Complete
20:35:03.053 [FXGL Background Thread 1 ] INFO  InitAppTask          - Game initialization took: 0.173 sec
20:35:03.065 [JavaFX Application Thread] DEBUG Input                - Clearing active input actions
20:35:03.073 [JavaFX Application Thread] DEBUG AppStateMachine      - LoadingState -> PlayState
20:35:11.417 [JavaFX Application Thread] DEBUG GameApplication      - Exiting game application
20:35:11.419 [JavaFX Application Thread] DEBUG GameApplication      - Shutting down background threads
20:35:11.419 [JavaFX Application Thread] DEBUG GameApplication      - Exiting FXGL
20:35:11.419 [JavaFX Application Thread] DEBUG FXGL                 - Saving FXGL system data
20:35:11.423 [JavaFX Application Thread] DEBUG FS                   - Writing to: system\fxgl.bundle
20:35:11.428 [JavaFX Application Thread] DEBUG GameApplication      - Closing logger and exiting JavaFX
