20:25:41.521 [JavaFX Application Thread] DEBUG GameApplication      - Logger initialized
20:25:41.529 [JavaFX Application Thread] DEBUG MainWindow           - Creating a JavaFX scene
20:25:41.670 [JavaFX Application Thread] DEBUG MainWindow           - Target settings size: 600.0 x 600.0
20:25:41.671 [JavaFX Application Thread] DEBUG MainWindow           - Scaled scene size:    600.0 x 600.0
20:25:41.671 [JavaFX Application Thread] DEBUG MainWindow           - Scaled ratio: (1.0, 1.0)
20:25:41.678 [JavaFX Application Thread] DEBUG GameApplication      - Starting FXGL
20:25:41.701 [FXGL Launcher Thread     ] INFO  FXGL                 - FXGL-0.5.0 on DESKTOP
20:25:41.701 [FXGL Launcher Thread     ] INFO  FXGL                 - Source code and latest versions at: https://github.com/AlmasB/FXGL
20:25:41.702 [FXGL Launcher Thread     ] INFO  FXGL                 -              Join the FXGL chat at: https://gitter.im/AlmasB/FXGL
20:25:41.708 [FXGL Launcher Thread     ] DEBUG FXGL                 - Loading FXGL system data
20:25:41.722 [FXGL Launcher Thread     ] DEBUG FS                   - Reading from: system\fxgl.bundle
20:25:41.734 [FXGL Launcher Thread     ] DEBUG Bundle               - Logging bundle: FXGL
20:25:41.735 [FXGL Launcher Thread     ] DEBUG Bundle               - FXGL.offline.timer.version.check=2018-04-26T20:24:07.066
20:25:41.769 [FXGL Launcher Thread     ] DEBUG GameApplication      - FXGL started
20:25:41.770 [FXGL Launcher Thread     ] DEBUG GameApplication      - Logging game settings
Title: Battle!!!
Version: 0.1
Width: 600
Height: 600
Fullscreen: false
Intro: false
Menus: false
Profiling: false
Single step:false
App Mode: DEVELOPER
Menu Key: ESCAPE
Stage Style: DECORATED
Scene Factory: class com.almasb.fxgl.scene.SceneFactory
Dialog Factory: class com.almasb.fxgl.ui.FXGLDialogFactory
UI Factory: class com.almasb.fxgl.ui.FXGLUIFactory
Notification Service: class com.almasb.fxgl.gameplay.notification.XboxNotificationView
Exception Handler: class com.almasb.fxgl.app.FXGLExceptionHandler
20:25:41.771 [FXGL Launcher Thread     ] DEBUG GameApplication      - Configuring GameApplication
20:25:41.771 [FXGL Launcher Thread     ] DEBUG GameApplication      - Initializing state machine and application states
20:25:41.791 [FXGL Launcher Thread     ] DEBUG AssetLoader          - Loading from disk: /assets/ui/cursors/fxgl_default.png
20:25:41.827 [FXGL Launcher Thread     ] DEBUG AssetLoader          - Loading from disk: /assets/ui/cursors/fxgl_default.png
20:25:41.859 [FXGL Launcher Thread     ] DEBUG FXGLAssets           - Loading FXGLAssets
20:25:41.898 [FXGL Launcher Thread     ] DEBUG AssetLoader          - Loading from disk: /assets/ui/fonts/VarelaRound-Regular.ttf
20:25:41.960 [FXGL Launcher Thread     ] DEBUG AssetLoader          - Loading from disk: /assets/ui/fonts/lucida_console.ttf
20:25:41.965 [FXGL Launcher Thread     ] DEBUG AssetLoader          - Loading from disk: /assets/ui/css/fxgl_dark.css
20:25:41.967 [FXGL Launcher Thread     ] DEBUG AssetLoader          - Loading from disk: /assets/ui/icons/fxgl_icon.png
20:25:42.037 [FXGL Launcher Thread     ] DEBUG AssetLoader          - Loading from disk: /assets/ui/cursors/fxgl_default.png
20:25:42.049 [FXGL Launcher Thread     ] DEBUG AssetLoader          - Loading from disk: /assets/ui/cursors/fxgl_default.png
20:25:42.089 [FXGL Launcher Thread     ] DEBUG GameScene            - Game scene initialized: 600x600
20:25:42.095 [FXGL Launcher Thread     ] DEBUG GameWorld            - Game world initialized
20:25:42.169 [FXGL Launcher Thread     ] DEBUG PhysicsWorld         - Physics world initialized: appHeight=600, physics.ppm=50.0
20:25:42.198 [FXGL Launcher Thread     ] DEBUG Input                - Registered new binding: Pause - Esc
20:25:42.225 [FXGL Launcher Thread     ] DEBUG Input                - Clearing active input actions
20:25:42.284 [FXGL Launcher Thread     ] DEBUG AppStateMachine      - StartupState -> StartupState
20:25:42.293 [FXGL Launcher Thread     ] INFO  GameApplication      - Game configuration took:  0.522 sec
20:25:42.298 [JavaFX Application Thread] DEBUG MainWindow           - Opening main window
20:25:42.488 [JavaFX Application Thread] DEBUG MainWindow           - Window border size: (6.0, 29.0)
20:25:42.488 [JavaFX Application Thread] DEBUG MainWindow           - Scaled size: 600.0 x 600.0
20:25:42.489 [JavaFX Application Thread] DEBUG MainWindow           - Scaled ratio: (1.0, 1.0)
20:25:42.489 [JavaFX Application Thread] DEBUG MainWindow           - Scene size: 600.0 x 600.0
20:25:42.490 [JavaFX Application Thread] DEBUG MainWindow           - Stage size: 606.0 x 629.0
20:25:42.490 [JavaFX Application Thread] DEBUG GameApplication      - Running preInit()
20:25:42.493 [JavaFX Application Thread] DEBUG Input                - Registered new binding: Screenshot - P
20:25:42.494 [JavaFX Application Thread] DEBUG Input                - Registered new binding: Dev Options - CTRL+0
20:25:42.494 [JavaFX Application Thread] DEBUG Input                - Registered new binding: System info dump - CTRL+9
20:25:42.495 [JavaFX Application Thread] DEBUG Input                - Registered new binding: Restart - CTRL+R
20:25:42.535 [JavaFX Application Thread] DEBUG GameApplication      - Starting main loop
20:25:42.537 [JavaFX Application Thread] DEBUG StartupState         - STARTUP
20:25:42.537 [JavaFX Application Thread] DEBUG GameApplication      - Starting new game
20:25:42.537 [JavaFX Application Thread] DEBUG Input                - Clearing active input actions
20:25:42.547 [JavaFX Application Thread] DEBUG AppStateMachine      - StartupState -> LoadingState
20:25:42.550 [FXGL Background Thread 1 ] DEBUG InitAppTask          - Clearing previous game
20:25:42.550 [FXGL Background Thread 1 ] DEBUG GameWorld            - Clearing game world
20:25:42.551 [FXGL Background Thread 1 ] DEBUG PhysicsWorld         - Clearing physics world
20:25:42.551 [FXGL Background Thread 1 ] DEBUG GameScene            - Clearing game scene
20:25:42.552 [FXGL Background Thread 1 ] DEBUG InitAppTask          - Initializing Game
20:25:42.711 [FXGL Background Thread 1 ] DEBUG GameScene            - Creating render group for layer: DEFAULT(100000)
20:25:42.713 [FXGL Background Thread 1 ] DEBUG InitAppTask          - Initializing Physics
20:25:42.714 [FXGL Background Thread 1 ] DEBUG InitAppTask          - Initializing UI
20:25:42.714 [FXGL Background Thread 1 ] DEBUG InitAppTask          - Initialization Complete
20:25:42.714 [FXGL Background Thread 1 ] INFO  InitAppTask          - Game initialization took: 0.164 sec
20:25:42.728 [JavaFX Application Thread] DEBUG Input                - Clearing active input actions
20:25:42.736 [JavaFX Application Thread] DEBUG AppStateMachine      - LoadingState -> PlayState
20:25:45.313 [JavaFX Application Thread] DEBUG GameApplication      - Exiting game application
20:25:45.314 [JavaFX Application Thread] DEBUG GameApplication      - Shutting down background threads
20:25:45.315 [JavaFX Application Thread] DEBUG GameApplication      - Exiting FXGL
20:25:45.315 [JavaFX Application Thread] DEBUG FXGL                 - Saving FXGL system data
20:25:45.318 [JavaFX Application Thread] DEBUG FS                   - Writing to: system\fxgl.bundle
20:25:45.323 [JavaFX Application Thread] DEBUG GameApplication      - Closing logger and exiting JavaFX
