22:16:24.706 [JavaFX Application Thread] DEBUG GameApplication      - Logger initialized
22:16:24.715 [JavaFX Application Thread] DEBUG MainWindow           - Creating a JavaFX scene
22:16:24.717 [JavaFX Application Thread] DEBUG MainWindow           - Target settings size: 600.0 x 600.0
22:16:24.717 [JavaFX Application Thread] DEBUG MainWindow           - Scaled scene size:    600.0 x 600.0
22:16:24.718 [JavaFX Application Thread] DEBUG MainWindow           - Scaled ratio: (1.0, 1.0)
22:16:24.720 [JavaFX Application Thread] DEBUG GameApplication      - Starting FXGL
22:16:24.741 [FXGL Launcher Thread     ] INFO  FXGL                 - FXGL-0.5.0 on DESKTOP
22:16:24.742 [FXGL Launcher Thread     ] INFO  FXGL                 - Source code and latest versions at: https://github.com/AlmasB/FXGL
22:16:24.742 [FXGL Launcher Thread     ] INFO  FXGL                 -              Join the FXGL chat at: https://gitter.im/AlmasB/FXGL
22:16:24.749 [FXGL Launcher Thread     ] DEBUG FXGL                 - Loading FXGL system data
22:16:24.757 [FXGL Launcher Thread     ] DEBUG FS                   - Reading from: system\fxgl.bundle
22:16:24.770 [FXGL Launcher Thread     ] DEBUG Bundle               - Logging bundle: FXGL
22:16:24.771 [FXGL Launcher Thread     ] DEBUG Bundle               - FXGL.offline.timer.version.check=2018-04-26T20:24:07.066
22:16:24.808 [FXGL Launcher Thread     ] DEBUG GameApplication      - FXGL started
22:16:24.808 [FXGL Launcher Thread     ] DEBUG GameApplication      - Logging game settings
Title: Battle!!!
Version: 0.0
Width: 600
Height: 600
Fullscreen: false
Intro: false
Menus: false
Profiling: false
Single step:false
App Mode: DEVELOPER
Menu Key: ESCAPE
Stage Style: DECORATED
Scene Factory: class com.almasb.fxgl.scene.SceneFactory
Dialog Factory: class com.almasb.fxgl.ui.FXGLDialogFactory
UI Factory: class com.almasb.fxgl.ui.FXGLUIFactory
Notification Service: class com.almasb.fxgl.gameplay.notification.XboxNotificationView
Exception Handler: class com.almasb.fxgl.app.FXGLExceptionHandler
22:16:24.810 [FXGL Launcher Thread     ] DEBUG GameApplication      - Configuring GameApplication
22:16:24.810 [FXGL Launcher Thread     ] DEBUG GameApplication      - Initializing state machine and application states
22:16:24.825 [FXGL Launcher Thread     ] DEBUG AssetLoader          - Loading from disk: /assets/ui/cursors/fxgl_default.png
22:16:24.831 [FXGL Launcher Thread     ] DEBUG AssetLoader          - Loading from disk: /assets/ui/cursors/fxgl_default.png
22:16:24.836 [FXGL Launcher Thread     ] DEBUG FXGLAssets           - Loading FXGLAssets
22:16:24.876 [FXGL Launcher Thread     ] DEBUG AssetLoader          - Loading from disk: /assets/ui/fonts/VarelaRound-Regular.ttf
22:16:24.941 [FXGL Launcher Thread     ] DEBUG AssetLoader          - Loading from disk: /assets/ui/fonts/lucida_console.ttf
22:16:24.947 [FXGL Launcher Thread     ] DEBUG AssetLoader          - Loading from disk: /assets/ui/css/fxgl_dark.css
22:16:24.947 [FXGL Launcher Thread     ] DEBUG AssetLoader          - Loading from disk: /assets/ui/icons/fxgl_icon.png
22:16:24.973 [FXGL Launcher Thread     ] DEBUG AssetLoader          - Loading from disk: /assets/ui/cursors/fxgl_default.png
22:16:24.983 [FXGL Launcher Thread     ] DEBUG AssetLoader          - Loading from disk: /assets/ui/cursors/fxgl_default.png
22:16:25.020 [FXGL Launcher Thread     ] DEBUG GameScene            - Game scene initialized: 600x600
22:16:25.027 [FXGL Launcher Thread     ] DEBUG GameWorld            - Game world initialized
22:16:25.102 [FXGL Launcher Thread     ] DEBUG PhysicsWorld         - Physics world initialized: appHeight=600, physics.ppm=50.0
22:16:25.130 [FXGL Launcher Thread     ] DEBUG Input                - Registered new binding: Pause - Esc
22:16:25.153 [FXGL Launcher Thread     ] DEBUG Input                - Clearing active input actions
22:16:25.172 [FXGL Launcher Thread     ] DEBUG AppStateMachine      - StartupState -> StartupState
22:16:25.183 [FXGL Launcher Thread     ] INFO  GameApplication      - Game configuration took:  0.373 sec
22:16:25.188 [JavaFX Application Thread] DEBUG MainWindow           - Opening main window
22:16:25.341 [JavaFX Application Thread] DEBUG MainWindow           - Window border size: (6.0, 29.0)
22:16:25.341 [JavaFX Application Thread] DEBUG MainWindow           - Scaled size: 600.0 x 600.0
22:16:25.341 [JavaFX Application Thread] DEBUG MainWindow           - Scaled ratio: (1.0, 1.0)
22:16:25.341 [JavaFX Application Thread] DEBUG MainWindow           - Scene size: 600.0 x 600.0
22:16:25.341 [JavaFX Application Thread] DEBUG MainWindow           - Stage size: 606.0 x 629.0
22:16:25.341 [JavaFX Application Thread] DEBUG GameApplication      - Running preInit()
22:16:25.344 [JavaFX Application Thread] DEBUG Input                - Registered new binding: Screenshot - P
22:16:25.345 [JavaFX Application Thread] DEBUG Input                - Registered new binding: Dev Options - CTRL+0
22:16:25.346 [JavaFX Application Thread] DEBUG Input                - Registered new binding: System info dump - CTRL+9
22:16:25.346 [JavaFX Application Thread] DEBUG Input                - Registered new binding: Restart - CTRL+R
22:16:25.347 [JavaFX Application Thread] DEBUG Input                - Registered new binding: Move Right - D
22:16:25.444 [JavaFX Application Thread] DEBUG GameApplication      - Starting main loop
22:16:25.456 [JavaFX Application Thread] DEBUG StartupState         - STARTUP
22:16:25.456 [JavaFX Application Thread] DEBUG GameApplication      - Starting new game
22:16:25.456 [JavaFX Application Thread] DEBUG Input                - Clearing active input actions
22:16:25.465 [JavaFX Application Thread] DEBUG AppStateMachine      - StartupState -> LoadingState
22:16:25.469 [FXGL Background Thread 1 ] DEBUG InitAppTask          - Clearing previous game
22:16:25.469 [FXGL Background Thread 1 ] DEBUG GameWorld            - Clearing game world
22:16:25.469 [FXGL Background Thread 1 ] DEBUG PhysicsWorld         - Clearing physics world
22:16:25.469 [FXGL Background Thread 1 ] DEBUG GameScene            - Clearing game scene
22:16:25.470 [FXGL Background Thread 1 ] DEBUG InitAppTask          - Initializing Game
22:16:25.537 [FXGL Background Thread 1 ] DEBUG AssetLoader          - Loading from disk: /assets/textures/environment_forestbackground1-1.png
22:16:25.619 [FXGL Background Thread 1 ] DEBUG GameScene            - Creating render group for layer: DEFAULT(100000)
22:16:25.621 [FXGL Background Thread 1 ] DEBUG InitAppTask          - Initializing Physics
22:16:25.621 [FXGL Background Thread 1 ] DEBUG InitAppTask          - Initializing UI
22:16:25.624 [FXGL Background Thread 1 ] DEBUG InitAppTask          - Initialization Complete
22:16:25.624 [FXGL Background Thread 1 ] INFO  InitAppTask          - Game initialization took: 0.155 sec
22:16:25.637 [JavaFX Application Thread] DEBUG Input                - Clearing active input actions
22:16:25.644 [JavaFX Application Thread] DEBUG AppStateMachine      - LoadingState -> PlayState
22:16:29.394 [JavaFX Application Thread] DEBUG GameApplication      - Exiting game application
22:16:29.396 [JavaFX Application Thread] DEBUG GameApplication      - Shutting down background threads
22:16:29.397 [JavaFX Application Thread] DEBUG GameApplication      - Exiting FXGL
22:16:29.397 [JavaFX Application Thread] DEBUG FXGL                 - Saving FXGL system data
22:16:29.401 [JavaFX Application Thread] DEBUG FS                   - Writing to: system\fxgl.bundle
22:16:29.406 [JavaFX Application Thread] DEBUG GameApplication      - Closing logger and exiting JavaFX
